2019-12-14  INFO 7164 --- [main] com.baeldung.ls.LsApp                    : Starting LsApp on WTLLF469 with PID 7164 (D:\Users\apytl\Documents\LearnJava\Java-Spring\learn-spring\m3-logging-in-a-spring-boot-project-start\target\classes started by APYTL in D:\Users\apytl\Documents\LearnJava\Java-Spring\learn-spring\m3-logging-in-a-spring-boot-project-start)
2019-12-14 DEBUG 7164 --- [main] com.baeldung.ls.LsApp                    : Running with Spring Boot v2.1.6.RELEASE, Spring v5.1.8.RELEASE
2019-12-14  INFO 7164 --- [main] com.baeldung.ls.LsApp                    : No active profile set, falling back to default profiles: default
2019-12-14  INFO 7164 --- [main] o.s.b.w.embedded.tomcat.TomcatWebServer  : Tomcat initialized with port(s): 8080 (http)
2019-12-14  INFO 7164 --- [main] o.s.web.context.ContextLoader            : Root WebApplicationContext: initialization completed in 800 ms
2019-12-14 DEBUG 7164 --- [main] c.b.ls.service.impl.ProjectServiceImpl   : Project Service >> Saving Project Project [id=-5187637042161349833, name=My First Project] 

2019-12-14 DEBUG 7164 --- [main] c.b.ls.service.impl.ProjectServiceImpl   : Project Service >> Finding Project By Id 1
2019-12-14  INFO 7164 --- [main] o.s.s.concurrent.ThreadPoolTaskExecutor  : Initializing ExecutorService 'applicationTaskExecutor'
2019-12-14  INFO 7164 --- [main] o.s.b.w.embedded.tomcat.TomcatWebServer  : Tomcat started on port(s): 8080 (http) with context path ''
2019-12-14  INFO 7164 --- [main] com.baeldung.ls.LsApp                    : Started LsApp in 1.304 seconds (JVM running for 1.996)
2019-12-14  INFO 7164 --- [RMI TCP Connection(9)-127.0.0.1] inMXBeanRegistrar$SpringApplicationAdmin : Application shutdown requested.
2019-12-14  INFO 7164 --- [RMI TCP Connection(9)-127.0.0.1] o.s.s.concurrent.ThreadPoolTaskExecutor  : Shutting down ExecutorService 'applicationTaskExecutor'
2019-12-14  INFO 17372 --- [main] com.baeldung.ls.LsApp                    : Starting LsApp on WTLLF469 with PID 17372 (D:\Users\apytl\Documents\LearnJava\Java-Spring\learn-spring\m3-logging-in-a-spring-boot-project-start\target\classes started by APYTL in D:\Users\apytl\Documents\LearnJava\Java-Spring\learn-spring\m3-logging-in-a-spring-boot-project-start)
2019-12-14 DEBUG 17372 --- [main] com.baeldung.ls.LsApp                    : Running with Spring Boot v2.1.6.RELEASE, Spring v5.1.8.RELEASE
2019-12-14  INFO 17372 --- [main] com.baeldung.ls.LsApp                    : No active profile set, falling back to default profiles: default
2019-12-14  INFO 17372 --- [main] o.s.b.w.embedded.tomcat.TomcatWebServer  : Tomcat initialized with port(s): 8080 (http)
2019-12-14  INFO 17372 --- [main] o.s.web.context.ContextLoader            : Root WebApplicationContext: initialization completed in 614 ms
2019-12-14 DEBUG 17372 --- [main] c.b.ls.service.impl.ProjectServiceImpl   : Project Service >> Saving Project Project [id=-1895056100311842112, name=My First Project] 

2019-12-14 DEBUG 17372 --- [main] c.b.ls.service.impl.ProjectServiceImpl   : Project Service >> Finding Project By Id 1
2019-12-14  INFO 17372 --- [main] o.s.s.concurrent.ThreadPoolTaskExecutor  : Initializing ExecutorService 'applicationTaskExecutor'
2019-12-14 ERROR 17372 --- [main] org.apache.catalina.util.LifecycleBase   : Failed to start component [Connector[HTTP/1.1-8080]]

org.apache.catalina.LifecycleException: Protocol handler start failed
	at org.apache.catalina.connector.Connector.startInternal(Connector.java:1008) ~[tomcat-embed-core-9.0.21.jar:9.0.21]
	at org.apache.catalina.util.LifecycleBase.start(LifecycleBase.java:183) ~[tomcat-embed-core-9.0.21.jar:9.0.21]
	at org.apache.catalina.core.StandardService.addConnector(StandardService.java:227) [tomcat-embed-core-9.0.21.jar:9.0.21]
	at org.springframework.boot.web.embedded.tomcat.TomcatWebServer.addPreviouslyRemovedConnectors(TomcatWebServer.java:263) [spring-boot-2.1.6.RELEASE.jar:2.1.6.RELEASE]
	at org.springframework.boot.web.embedded.tomcat.TomcatWebServer.start(TomcatWebServer.java:195) [spring-boot-2.1.6.RELEASE.jar:2.1.6.RELEASE]
	at org.springframework.boot.web.servlet.context.ServletWebServerApplicationContext.startWebServer(ServletWebServerApplicationContext.java:296) [spring-boot-2.1.6.RELEASE.jar:2.1.6.RELEASE]
	at org.springframework.boot.web.servlet.context.ServletWebServerApplicationContext.finishRefresh(ServletWebServerApplicationContext.java:162) [spring-boot-2.1.6.RELEASE.jar:2.1.6.RELEASE]
	at org.springframework.context.support.AbstractApplicationContext.refresh(AbstractApplicationContext.java:552) [spring-context-5.1.8.RELEASE.jar:5.1.8.RELEASE]
	at org.springframework.boot.web.servlet.context.ServletWebServerApplicationContext.refresh(ServletWebServerApplicationContext.java:140) [spring-boot-2.1.6.RELEASE.jar:2.1.6.RELEASE]
	at org.springframework.boot.SpringApplication.refresh(SpringApplication.java:742) [spring-boot-2.1.6.RELEASE.jar:2.1.6.RELEASE]
	at org.springframework.boot.SpringApplication.refreshContext(SpringApplication.java:389) [spring-boot-2.1.6.RELEASE.jar:2.1.6.RELEASE]
	at org.springframework.boot.SpringApplication.run(SpringApplication.java:311) [spring-boot-2.1.6.RELEASE.jar:2.1.6.RELEASE]
	at org.springframework.boot.SpringApplication.run(SpringApplication.java:1213) [spring-boot-2.1.6.RELEASE.jar:2.1.6.RELEASE]
	at org.springframework.boot.SpringApplication.run(SpringApplication.java:1202) [spring-boot-2.1.6.RELEASE.jar:2.1.6.RELEASE]
	at com.baeldung.ls.LsApp.main(LsApp.java:22) [classes/:na]
Caused by: java.net.BindException: Address already in use: bind
	at sun.nio.ch.Net.bind0(Native Method) ~[na:1.8.0_231]
	at sun.nio.ch.Net.bind(Unknown Source) ~[na:1.8.0_231]
	at sun.nio.ch.Net.bind(Unknown Source) ~[na:1.8.0_231]
	at sun.nio.ch.ServerSocketChannelImpl.bind(Unknown Source) ~[na:1.8.0_231]
	at sun.nio.ch.ServerSocketAdaptor.bind(Unknown Source) ~[na:1.8.0_231]
	at org.apache.tomcat.util.net.NioEndpoint.initServerSocket(NioEndpoint.java:230) ~[tomcat-embed-core-9.0.21.jar:9.0.21]
	at org.apache.tomcat.util.net.NioEndpoint.bind(NioEndpoint.java:213) ~[tomcat-embed-core-9.0.21.jar:9.0.21]
	at org.apache.tomcat.util.net.AbstractEndpoint.bindWithCleanup(AbstractEndpoint.java:1124) ~[tomcat-embed-core-9.0.21.jar:9.0.21]
	at org.apache.tomcat.util.net.AbstractEndpoint.start(AbstractEndpoint.java:1210) ~[tomcat-embed-core-9.0.21.jar:9.0.21]
	at org.apache.coyote.AbstractProtocol.start(AbstractProtocol.java:585) ~[tomcat-embed-core-9.0.21.jar:9.0.21]
	at org.apache.catalina.connector.Connector.startInternal(Connector.java:1005) ~[tomcat-embed-core-9.0.21.jar:9.0.21]
	... 14 common frames omitted

2019-12-14  INFO 17372 --- [main] ConditionEvaluationReportLoggingListener : 

Error starting ApplicationContext. To display the conditions report re-run your application with 'debug' enabled.
2019-12-14 ERROR 17372 --- [main] o.s.b.d.LoggingFailureAnalysisReporter   : 

***************************
APPLICATION FAILED TO START
***************************

Description:

The Tomcat connector configured to listen on port 8080 failed to start. The port may already be in use or the connector may be misconfigured.

Action:

Verify the connector's configuration, identify and stop any process that's listening on port 8080, or configure this application to listen on another port.

2019-12-14  INFO 17372 --- [main] o.s.s.concurrent.ThreadPoolTaskExecutor  : Shutting down ExecutorService 'applicationTaskExecutor'
2019-12-14  INFO 20180 --- [main] com.baeldung.ls.LsApp                    : Starting LsApp on WTLLF469 with PID 20180 (D:\Users\apytl\Documents\LearnJava\Java-Spring\learn-spring\m3-logging-in-a-spring-boot-project-start\target\classes started by APYTL in D:\Users\apytl\Documents\LearnJava\Java-Spring\learn-spring\m3-logging-in-a-spring-boot-project-start)
2019-12-14 DEBUG 20180 --- [main] com.baeldung.ls.LsApp                    : Running with Spring Boot v2.1.6.RELEASE, Spring v5.1.8.RELEASE
2019-12-14  INFO 20180 --- [main] com.baeldung.ls.LsApp                    : No active profile set, falling back to default profiles: default
2019-12-14  INFO 20180 --- [main] o.s.b.w.embedded.tomcat.TomcatWebServer  : Tomcat initialized with port(s): 8080 (http)
2019-12-14  INFO 20180 --- [main] o.s.web.context.ContextLoader            : Root WebApplicationContext: initialization completed in 612 ms
2019-12-14 DEBUG 20180 --- [main] c.b.ls.service.impl.ProjectServiceImpl   : Project Service >> Saving Project Project [id=-8956353394794359241, name=My First Project] 

2019-12-14 DEBUG 20180 --- [main] c.b.ls.service.impl.ProjectServiceImpl   : Project Service >> Finding Project By Id 1
2019-12-14  INFO 20180 --- [main] o.s.s.concurrent.ThreadPoolTaskExecutor  : Initializing ExecutorService 'applicationTaskExecutor'
2019-12-14 ERROR 20180 --- [main] org.apache.catalina.util.LifecycleBase   : Failed to start component [Connector[HTTP/1.1-8080]]

org.apache.catalina.LifecycleException: Protocol handler start failed
	at org.apache.catalina.connector.Connector.startInternal(Connector.java:1008) ~[tomcat-embed-core-9.0.21.jar:9.0.21]
	at org.apache.catalina.util.LifecycleBase.start(LifecycleBase.java:183) ~[tomcat-embed-core-9.0.21.jar:9.0.21]
	at org.apache.catalina.core.StandardService.addConnector(StandardService.java:227) ~[tomcat-embed-core-9.0.21.jar:9.0.21]
	at org.springframework.boot.web.embedded.tomcat.TomcatWebServer.addPreviouslyRemovedConnectors(TomcatWebServer.java:263) ~[spring-boot-2.1.6.RELEASE.jar:2.1.6.RELEASE]
	at org.springframework.boot.web.embedded.tomcat.TomcatWebServer.start(TomcatWebServer.java:195) ~[spring-boot-2.1.6.RELEASE.jar:2.1.6.RELEASE]
	at org.springframework.boot.web.servlet.context.ServletWebServerApplicationContext.startWebServer(ServletWebServerApplicationContext.java:296) ~[spring-boot-2.1.6.RELEASE.jar:2.1.6.RELEASE]
	at org.springframework.boot.web.servlet.context.ServletWebServerApplicationContext.finishRefresh(ServletWebServerApplicationContext.java:162) ~[spring-boot-2.1.6.RELEASE.jar:2.1.6.RELEASE]
	at org.springframework.context.support.AbstractApplicationContext.refresh(AbstractApplicationContext.java:552) ~[spring-context-5.1.8.RELEASE.jar:5.1.8.RELEASE]
	at org.springframework.boot.web.servlet.context.ServletWebServerApplicationContext.refresh(ServletWebServerApplicationContext.java:140) ~[spring-boot-2.1.6.RELEASE.jar:2.1.6.RELEASE]
	at org.springframework.boot.SpringApplication.refresh(SpringApplication.java:742) ~[spring-boot-2.1.6.RELEASE.jar:2.1.6.RELEASE]
	at org.springframework.boot.SpringApplication.refreshContext(SpringApplication.java:389) ~[spring-boot-2.1.6.RELEASE.jar:2.1.6.RELEASE]
	at org.springframework.boot.SpringApplication.run(SpringApplication.java:311) ~[spring-boot-2.1.6.RELEASE.jar:2.1.6.RELEASE]
	at org.springframework.boot.SpringApplication.run(SpringApplication.java:1213) ~[spring-boot-2.1.6.RELEASE.jar:2.1.6.RELEASE]
	at org.springframework.boot.SpringApplication.run(SpringApplication.java:1202) ~[spring-boot-2.1.6.RELEASE.jar:2.1.6.RELEASE]
	at com.baeldung.ls.LsApp.main(LsApp.java:22) ~[classes/:na]
Caused by: java.net.BindException: Address already in use: bind
	at java.base/sun.nio.ch.Net.bind0(Native Method) ~[na:na]
	at java.base/sun.nio.ch.Net.bind(Net.java:469) ~[na:na]
	at java.base/sun.nio.ch.Net.bind(Net.java:458) ~[na:na]
	at java.base/sun.nio.ch.ServerSocketChannelImpl.bind(ServerSocketChannelImpl.java:220) ~[na:na]
	at java.base/sun.nio.ch.ServerSocketAdaptor.bind(ServerSocketAdaptor.java:88) ~[na:na]
	at org.apache.tomcat.util.net.NioEndpoint.initServerSocket(NioEndpoint.java:230) ~[tomcat-embed-core-9.0.21.jar:9.0.21]
	at org.apache.tomcat.util.net.NioEndpoint.bind(NioEndpoint.java:213) ~[tomcat-embed-core-9.0.21.jar:9.0.21]
	at org.apache.tomcat.util.net.AbstractEndpoint.bindWithCleanup(AbstractEndpoint.java:1124) ~[tomcat-embed-core-9.0.21.jar:9.0.21]
	at org.apache.tomcat.util.net.AbstractEndpoint.start(AbstractEndpoint.java:1210) ~[tomcat-embed-core-9.0.21.jar:9.0.21]
	at org.apache.coyote.AbstractProtocol.start(AbstractProtocol.java:585) ~[tomcat-embed-core-9.0.21.jar:9.0.21]
	at org.apache.catalina.connector.Connector.startInternal(Connector.java:1005) ~[tomcat-embed-core-9.0.21.jar:9.0.21]
	... 14 common frames omitted

2019-12-14  INFO 20180 --- [main] ConditionEvaluationReportLoggingListener : 

Error starting ApplicationContext. To display the conditions report re-run your application with 'debug' enabled.
2019-12-14 ERROR 20180 --- [main] o.s.b.d.LoggingFailureAnalysisReporter   : 

***************************
APPLICATION FAILED TO START
***************************

Description:

The Tomcat connector configured to listen on port 8080 failed to start. The port may already be in use or the connector may be misconfigured.

Action:

Verify the connector's configuration, identify and stop any process that's listening on port 8080, or configure this application to listen on another port.

2019-12-14  INFO 20180 --- [main] o.s.s.concurrent.ThreadPoolTaskExecutor  : Shutting down ExecutorService 'applicationTaskExecutor'
2019-12-14  INFO 10864 --- [main] com.baeldung.ls.LsApp                    : Starting LsApp on WTLLF469 with PID 10864 (D:\Users\apytl\Documents\LearnJava\Java-Spring\learn-spring\m3-logging-in-a-spring-boot-project-start\target\classes started by APYTL in D:\Users\apytl\Documents\LearnJava\Java-Spring\learn-spring\m3-logging-in-a-spring-boot-project-start)
2019-12-14 DEBUG 10864 --- [main] com.baeldung.ls.LsApp                    : Running with Spring Boot v2.1.6.RELEASE, Spring v5.1.8.RELEASE
2019-12-14  INFO 10864 --- [main] com.baeldung.ls.LsApp                    : No active profile set, falling back to default profiles: default
2019-12-14  INFO 10864 --- [main] o.s.b.w.embedded.tomcat.TomcatWebServer  : Tomcat initialized with port(s): 8080 (http)
2019-12-14  INFO 10864 --- [main] o.s.web.context.ContextLoader            : Root WebApplicationContext: initialization completed in 619 ms
2019-12-14 DEBUG 10864 --- [main] c.b.ls.service.impl.ProjectServiceImpl   : Project Service >> Saving Project Project [id=8077183401295502187, name=My First Project] 

2019-12-14 DEBUG 10864 --- [main] c.b.ls.service.impl.ProjectServiceImpl   : Project Service >> Finding Project By Id 1
2019-12-14  INFO 10864 --- [main] o.s.s.concurrent.ThreadPoolTaskExecutor  : Initializing ExecutorService 'applicationTaskExecutor'
2019-12-14  INFO 10864 --- [main] o.s.b.w.embedded.tomcat.TomcatWebServer  : Tomcat started on port(s): 8080 (http) with context path ''
2019-12-14  INFO 10864 --- [main] com.baeldung.ls.LsApp                    : Started LsApp in 1.3 seconds (JVM running for 1.885)
2019-12-14  INFO 10864 --- [http-nio-8080-exec-1] o.s.web.servlet.DispatcherServlet        : Initializing Servlet 'dispatcherServlet'
2019-12-14  INFO 10864 --- [http-nio-8080-exec-1] o.s.web.servlet.DispatcherServlet        : Completed initialization in 7 ms
2019-12-14  INFO 10864 --- [RMI TCP Connection(208)-127.0.0.1] inMXBeanRegistrar$SpringApplicationAdmin : Application shutdown requested.
2019-12-14  INFO 10864 --- [RMI TCP Connection(208)-127.0.0.1] o.s.s.concurrent.ThreadPoolTaskExecutor  : Shutting down ExecutorService 'applicationTaskExecutor'
